assignment.html     http://outreach.vlabs.ac.in/
feedback.html     http://outreach.vlabs.ac.in/
index.html     http://outreach.vlabs.ac.in/
objective.html     http://outreach.vlabs.ac.in/
performance-report.html     http://vlab.co.in
references.html     http://omlc.ogi.edu/spectra/PhotochemCAD/index.html
references.html     http://outreach.vlabs.ac.in/
theory.html     http://outreach.vlabs.ac.in/
validator-report.html     http://vlab.co.in
simulation/js/MathJax/test/index-images.html     http://www.mathjax.org/
simulation/js/MathJax/test/index.html     http://www.mathjax.org/
simulation/js/MathJax/test/sample-all-at-once.html     http://www.mathjax.org/
simulation/js/MathJax/test/sample.html     http://www.mathjax.org/
simulation/js/MathJax/docs/html/CSS-styles.html     http://sphinx.pocoo.org/
simulation/js/MathJax/docs/html/HTML-snippets.html     http://sphinx.pocoo.org/
simulation/js/MathJax/docs/html/asciimath.html     http://www1.chapman.edu/~jipsen/mathml/asciimath.html
simulation/js/MathJax/docs/html/asciimath.html     http://www1.chapman.edu/~jipsen/mathml/asciimathsyntax.html
simulation/js/MathJax/docs/html/asciimath.html     http://sphinx.pocoo.org/
simulation/js/MathJax/docs/html/callbacks.html     http://sphinx.pocoo.org/
simulation/js/MathJax/docs/html/community.html     http://groups.google.com/group/mathjax-users
simulation/js/MathJax/docs/html/community.html     http://groups.google.com/group/mathjax-dev
simulation/js/MathJax/docs/html/community.html     http://github.com/mathjax/MathJax/issues
simulation/js/MathJax/docs/html/community.html     http://www.mathjax.org/community/mathjax-badge
simulation/js/MathJax/docs/html/community.html     http://sphinx.pocoo.org/
simulation/js/MathJax/docs/html/config-files.html     http://cdn.mathjax.org/mathjax/latest/config/default.js
simulation/js/MathJax/docs/html/config-files.html     http://cdn.mathjax.org/mathjax/latest/config/
simulation/js/MathJax/docs/html/config-files.html     http://sphinx.pocoo.org/
simulation/js/MathJax/docs/html/configuration.html     http://www.greasespot.net/
simulation/js/MathJax/docs/html/configuration.html     http://en.wikipedia.org/wiki/Bookmarklet
simulation/js/MathJax/docs/html/configuration.html     http://www.mathjax.org/download/mathjax-cdn-terms-of-service/
simulation/js/MathJax/docs/html/configuration.html     http://sphinx.pocoo.org/
simulation/js/MathJax/docs/html/dynamic.html     http://8-p.info/greasekit/
simulation/js/MathJax/docs/html/dynamic.html     http://www.culater.net/software/SIMBL/SIMBL.php
simulation/js/MathJax/docs/html/dynamic.html     http://www.ghacks.net/2008/08/10/greasemonkey-in-opera/
simulation/js/MathJax/docs/html/dynamic.html     http://www.ie7pro.com/
simulation/js/MathJax/docs/html/dynamic.html     http://sphinx.pocoo.org/
simulation/js/MathJax/docs/html/dynamic.html     http://addons.mozilla.org/firefox/addon/748
simulation/js/MathJax/docs/html/genindex.html     http://sphinx.pocoo.org/
simulation/js/MathJax/docs/html/glossary.html     http://www1.chapman.edu/~jipsen/mathml/asciimath.html
simulation/js/MathJax/docs/html/glossary.html     http://en.wikipedia.org/wiki/LaTeX
simulation/js/MathJax/docs/html/glossary.html     http://daringfireball.net/projects/markdown/
simulation/js/MathJax/docs/html/glossary.html     http://en.wikipedia.org/wiki/MathML
simulation/js/MathJax/docs/html/glossary.html     http://stixfonts.org/
simulation/js/MathJax/docs/html/glossary.html     http://en.wikipedia.org/wiki/Scalable_Vector_Graphics
simulation/js/MathJax/docs/html/glossary.html     http://en.wikipedia.org/wiki/TeX
simulation/js/MathJax/docs/html/glossary.html     http://sphinx.pocoo.org/
simulation/js/MathJax/docs/html/index.html     http://www.mathjax.org/help/user
simulation/js/MathJax/docs/html/index.html     http://www.mathjax.org/help/fonts
simulation/js/MathJax/docs/html/index.html     http://www.mathjax.org/help/menu
simulation/js/MathJax/docs/html/index.html     http://www.mathjax.org/help/zoom
simulation/js/MathJax/docs/html/index.html     http://sphinx.pocoo.org/
simulation/js/MathJax/docs/html/installation.html     http://git-scm.com/
simulation/js/MathJax/docs/html/installation.html     http://github.com/mathjax/MathJax
simulation/js/MathJax/docs/html/installation.html     http://subversion.apache.org/
simulation/js/MathJax/docs/html/installation.html     http://github.com/mathjax/MathJax/
simulation/js/MathJax/docs/html/installation.html     http://www.mathjax.org/download/
simulation/js/MathJax/docs/html/installation.html     http://github.com/mathjax/mathjax/
simulation/js/MathJax/docs/html/installation.html     http://github.com/mathjax/mathjax/downloads
simulation/js/MathJax/docs/html/installation.html     http://www.apache.org/
simulation/js/MathJax/docs/html/installation.html     http://openfontlibrary.org/wiki/Web_Font_linking_and_Cross-Origin_Resource_Sharing
simulation/js/MathJax/docs/html/installation.html     http://stixfonts.org
simulation/js/MathJax/docs/html/installation.html     http://www.mathjax.org/help/fonts
simulation/js/MathJax/docs/html/installation.html     http://stixfonts.org
simulation/js/MathJax/docs/html/installation.html     http://www.mathjax.org/help/fonts
simulation/js/MathJax/docs/html/installation.html     http://sphinx.pocoo.org/
simulation/js/MathJax/docs/html/jsMath.html     http://www.math.union.edu/locate/jsMath/
simulation/js/MathJax/docs/html/jsMath.html     http://sphinx.pocoo.org/
simulation/js/MathJax/docs/html/mathjax.html     http://www.w3.org/TR/MathML3
simulation/js/MathJax/docs/html/mathjax.html     http://www1.chapman.edu/~jipsen/mathml/asciimath.html
simulation/js/MathJax/docs/html/mathjax.html     http://sphinx.pocoo.org/
simulation/js/MathJax/docs/html/mathml.html     http://www.w3.org/TR/MathML3/
simulation/js/MathJax/docs/html/mathml.html     http://www.w3.org/Math/testsuite/results/tests.html
simulation/js/MathJax/docs/html/mathml.html     http://sphinx.pocoo.org/
simulation/js/MathJax/docs/html/model.html     http://sphinx.pocoo.org/
simulation/js/MathJax/docs/html/output.html     http://www.dessci.com/en/products/mathplayer/
simulation/js/MathJax/docs/html/output.html     http://sphinx.pocoo.org/
simulation/js/MathJax/docs/html/queues.html     http://sphinx.pocoo.org/
simulation/js/MathJax/docs/html/search.html     http://sphinx.pocoo.org/
simulation/js/MathJax/docs/html/signals.html     http://cdn.mathjax.org/mathjax/latest/test/sample-signals.html
simulation/js/MathJax/docs/html/signals.html     http://cdn.mathjax.org/mathjax/latest/test/sample-signals.html
simulation/js/MathJax/docs/html/signals.html     http://sphinx.pocoo.org/
simulation/js/MathJax/docs/html/start.html     http://www.mathjax.org/download/mathjax-cdn-terms-of-service/
simulation/js/MathJax/docs/html/start.html     http://en.wikipedia.org/wiki/Man-in-the-middle_attack
simulation/js/MathJax/docs/html/start.html     http://www.mathjax.org/download/
simulation/js/MathJax/docs/html/start.html     http://git-scm.com/
simulation/js/MathJax/docs/html/start.html     http://subversion.apache.org/
simulation/js/MathJax/docs/html/start.html     http://cdn.mathjax.org/mathjax/2.0-latest/test/sample-tex.html
simulation/js/MathJax/docs/html/start.html     http://cdn.mathjax.org/mathjax/2.0-latest/test/sample-mml.html
simulation/js/MathJax/docs/html/start.html     http://cdn.mathjax.org/mathjax/2.0-latest/test/sample-asciimath.html
simulation/js/MathJax/docs/html/start.html     http://sphinx.pocoo.org/
simulation/js/MathJax/docs/html/startup.html     http://cdn.mathjax.org/mathjax/latest/test/sample-signals.html
simulation/js/MathJax/docs/html/startup.html     http://sphinx.pocoo.org/
simulation/js/MathJax/docs/html/synchronize.html     http://cdn.mathjax.org/mathjax/latest/test/sample-signals.html
simulation/js/MathJax/docs/html/synchronize.html     http://sphinx.pocoo.org/
simulation/js/MathJax/docs/html/tex.html     http://www.google.com/search?q=latex+to+html+converter
simulation/js/MathJax/docs/html/tex.html     http://www.mathjax.org/community/mathjax-in-use/
simulation/js/MathJax/docs/html/tex.html     http://cdn.mathjax.org/mathjax/latest/test/examples.html
simulation/js/MathJax/docs/html/tex.html     http://cdn.mathjax.org/mathjax/latest/test/sample-autoload.html
simulation/js/MathJax/docs/html/tex.html     http://www.ctan.org/pkg/mhchem
simulation/js/MathJax/docs/html/tex.html     http://www.onemathematicalcat.org/MathJaxDocumentation/TeXSyntax.htm
simulation/js/MathJax/docs/html/tex.html     http://sphinx.pocoo.org/
simulation/js/MathJax/docs/html/typeset.html     http://cdn.mathjax.org/mathjax/latest/test/sample-dynamic.html
simulation/js/MathJax/docs/html/typeset.html     http://cdn.mathjax.org/mathjax/latest/test/examples.html
simulation/js/MathJax/docs/html/typeset.html     http://sphinx.pocoo.org/
simulation/js/MathJax/docs/html/upgrade.html     http://www.mathjax.org/download/mathjax-cdn-terms-of-service/
simulation/js/MathJax/docs/html/upgrade.html     http://sphinx.pocoo.org/
simulation/js/MathJax/docs/html/whats-new-1.1.html     http://sphinx.pocoo.org/
simulation/js/MathJax/docs/html/whats-new-2.0.html     http://www1.chapman.edu/~jipsen/mathml/asciimath.html
simulation/js/MathJax/docs/html/whats-new-2.0.html     http://sphinx.pocoo.org/
simulation/js/MathJax/docs/html/api/ajax.html     http://sphinx.pocoo.org/
simulation/js/MathJax/docs/html/api/callback.html     http://sphinx.pocoo.org/
simulation/js/MathJax/docs/html/api/elementjax.html     http://sphinx.pocoo.org/
simulation/js/MathJax/docs/html/api/html.html     http://sphinx.pocoo.org/
simulation/js/MathJax/docs/html/api/hub.html     http://sphinx.pocoo.org/
simulation/js/MathJax/docs/html/api/index.html     http://sphinx.pocoo.org/
simulation/js/MathJax/docs/html/api/inputjax.html     http://sphinx.pocoo.org/
simulation/js/MathJax/docs/html/api/jax.html     http://sphinx.pocoo.org/
simulation/js/MathJax/docs/html/api/message.html     http://sphinx.pocoo.org/
simulation/js/MathJax/docs/html/api/object.html     http://sphinx.pocoo.org/
simulation/js/MathJax/docs/html/api/outputjax.html     http://sphinx.pocoo.org/
simulation/js/MathJax/docs/html/api/queue.html     http://sphinx.pocoo.org/
simulation/js/MathJax/docs/html/api/signal.html     http://sphinx.pocoo.org/
simulation/js/MathJax/docs/html/api/variable.html     http://sphinx.pocoo.org/
simulation/js/MathJax/docs/html/options/AsciiMath.html     http://sphinx.pocoo.org/
simulation/js/MathJax/docs/html/options/FontWarnings.html     http://sphinx.pocoo.org/
simulation/js/MathJax/docs/html/options/HTML-CSS.html     http://sphinx.pocoo.org/
simulation/js/MathJax/docs/html/options/MMLorHTML.html     http://sphinx.pocoo.org/
simulation/js/MathJax/docs/html/options/MathEvents.html     http://sphinx.pocoo.org/
simulation/js/MathJax/docs/html/options/MathML.html     http://sphinx.pocoo.org/
simulation/js/MathJax/docs/html/options/MathMenu.html     http://www.dessci.com/en/products/mathplayer/
simulation/js/MathJax/docs/html/options/MathMenu.html     http://sphinx.pocoo.org/
simulation/js/MathJax/docs/html/options/MathZoom.html     http://sphinx.pocoo.org/
simulation/js/MathJax/docs/html/options/NativeMML.html     http://sphinx.pocoo.org/
simulation/js/MathJax/docs/html/options/SVG.html     http://sphinx.pocoo.org/
simulation/js/MathJax/docs/html/options/TeX.html     http://cdn.mathjax.org/mathjax/latest/test/examples.html
simulation/js/MathJax/docs/html/options/TeX.html     http://sphinx.pocoo.org/
simulation/js/MathJax/docs/html/options/asciimath2jax.html     http://sphinx.pocoo.org/
simulation/js/MathJax/docs/html/options/hub.html     http://sphinx.pocoo.org/
simulation/js/MathJax/docs/html/options/index.html     http://sphinx.pocoo.org/
simulation/js/MathJax/docs/html/options/jsMath2jax.html     http://sphinx.pocoo.org/
simulation/js/MathJax/docs/html/options/mml2jax.html     http://sphinx.pocoo.org/
simulation/js/MathJax/docs/html/options/tex2jax.html     http://sphinx.pocoo.org/
simulation/js/MathJax/docs/html/platforms/index.html     http://www.mathjax.org/community/mathjax-in-use
simulation/js/MathJax/docs/html/platforms/index.html     http://www.mathjax.org
simulation/js/MathJax/docs/html/platforms/index.html     http://wordpress.org/
simulation/js/MathJax/docs/html/platforms/index.html     http://www.movabletype.org/
simulation/js/MathJax/docs/html/platforms/index.html     http://drupal.org/
simulation/js/MathJax/docs/html/platforms/index.html     http://www.joomla.org/
simulation/js/MathJax/docs/html/platforms/index.html     http://www.mediawiki.org/
simulation/js/MathJax/docs/html/platforms/index.html     http://www.tiddlywiki.com/
simulation/js/MathJax/docs/html/platforms/index.html     http://moodle.org/
simulation/js/MathJax/docs/html/platforms/index.html     http://sphinx.pocoo.org/
simulation/js/MathJax/docs/html/platforms/movable-type.html     http://sphinx.pocoo.org/
simulation/js/MathJax/docs/html/platforms/wordpress.html     http://wordpress.org/extend/plugins/mathjax-latex/
simulation/js/MathJax/docs/html/platforms/wordpress.html     http://sphinx.pocoo.org/
simulation/js/MathJax/docs/source/mjtheme/layout.html     http://www.mathjax.org/
simulation/js/MathJax/docs/source/mjtheme/layout.html     http://www.twitter.com/mathjax
simulation/js/MathJax/docs/source/mjtheme/layout.html     http://www.facebook.com/pages/MathJax/351834882701
simulation/js/MathJax/docs/source/mjtheme/layout.html     http://www.mathjax.org/feed/
simulation/js/MathJax/docs/source/mjtheme/layout.html     http://www.mathjax.org/news/
simulation/js/MathJax/docs/source/mjtheme/layout.html     http://www.mathjax.org/demos/
simulation/js/MathJax/docs/source/mjtheme/layout.html     http://www.mathjax.org/demos/tex-samples/
simulation/js/MathJax/docs/source/mjtheme/layout.html     http://www.mathjax.org/demos/mathml-samples/
simulation/js/MathJax/docs/source/mjtheme/layout.html     http://www.mathjax.org/demos/scaling-math/
simulation/js/MathJax/docs/source/mjtheme/layout.html     http://www.mathjax.org/demos/copy-and-paste/
simulation/js/MathJax/docs/source/mjtheme/layout.html     http://www.mathjax.org/demos/use-in-web-platforms/
simulation/js/MathJax/docs/source/mjtheme/layout.html     http://www.mathjax.org/resources/
simulation/js/MathJax/docs/source/mjtheme/layout.html     http://www.mathjax.org/download/
simulation/js/MathJax/docs/source/mjtheme/layout.html     http://www.mathjax.org/resources/docsindex/
simulation/js/MathJax/docs/source/mjtheme/layout.html     http://www.mathjax.org/resources/articles-and-presentations/
simulation/js/MathJax/docs/source/mjtheme/layout.html     http://www.mathjax.org/resources/browser-compatibility/
simulation/js/MathJax/docs/source/mjtheme/layout.html     http://www.mathjax.org/resources/faqs/
simulation/js/MathJax/docs/source/mjtheme/layout.html     http://www.mathjax.org/community/
simulation/js/MathJax/docs/source/mjtheme/layout.html     http://www.mathjax.org/community/mathjax-badge/
simulation/js/MathJax/docs/source/mjtheme/layout.html     http://www.mathjax.org/community/mathjax-in-use/
simulation/js/MathJax/docs/source/mjtheme/layout.html     http://groups.google.com/group/mathjax-users/
simulation/js/MathJax/docs/source/mjtheme/layout.html     http://www.mathjax.org/sponsors/
simulation/js/MathJax/docs/source/mjtheme/layout.html     http://www.mathjax.org/contact/
simulation/js/MathJax/docs/source/mjtheme/layout.html     http://www.mathjax.org/download/
simulation/js/MathJax/docs/source/mjtheme/layout.html     http://sphinx.pocoo.org/
